CRITICAL - 2025-02-26 12:13:30 --> Error: Class "Codeigniter\Controller" not found
[Method: GET, Route: users-list]
in APPPATH\Controllers\UserCrud.php on line 6.
 1 SYSTEMPATH\Autoloader\Autoloader.php(316): include_once()
 2 SYSTEMPATH\Autoloader\Autoloader.php(295): CodeIgniter\Autoloader\Autoloader->includeFile('C:\\xampp\\htdocs\\WordGame\\app\\Controllers\\UserCrud.php')
 3 SYSTEMPATH\Autoloader\Autoloader.php(271): CodeIgniter\Autoloader\Autoloader->loadInNamespace('App\\Controllers\\UserCrud')
 4 [internal function]: CodeIgniter\Autoloader\Autoloader->loadClass('App\\Controllers\\UserCrud')
 5 SYSTEMPATH\CodeIgniter.php(885): class_exists('\\App\\Controllers\\UserCrud', true)
 6 SYSTEMPATH\CodeIgniter.php(494): CodeIgniter\CodeIgniter->startController()
 7 SYSTEMPATH\CodeIgniter.php(354): CodeIgniter\CodeIgniter->handleRequest(null, Object(Config\Cache), false)
 8 SYSTEMPATH\Boot.php(334): CodeIgniter\CodeIgniter->run()
 9 SYSTEMPATH\Boot.php(67): CodeIgniter\Boot::runCodeIgniter(Object(CodeIgniter\CodeIgniter))
10 FCPATH\index.php(56): CodeIgniter\Boot::bootWeb(Object(Config\Paths))
11 SYSTEMPATH\rewrite.php(44): require_once('C:\\xampp\\htdocs\\WordGame\\public\\index.php')
CRITICAL - 2025-02-26 12:34:06 --> ErrorException: Undefined variable $users
[Method: GET, Route: users-list]
in APPPATH\Views\user_view.php on line 27.
 1 APPPATH\Views\user_view.php(27): CodeIgniter\Debug\Exceptions->errorHandler(2, 'Undefined variable $users', 'C:\\xampp\\htdocs\\WordGame\\app\\Views\\user_view.php', 27)
 2 SYSTEMPATH\View\View.php(224): include('C:\\xampp\\htdocs\\WordGame\\app\\Views\\user_view.php')
 3 SYSTEMPATH\View\View.php(227): CodeIgniter\View\View->CodeIgniter\View\{closure}()
 4 SYSTEMPATH\Common.php(1173): CodeIgniter\View\View->render('user_view', [], true)
 5 APPPATH\Controllers\UserCurd.php(9): view('user_view')
 6 SYSTEMPATH\CodeIgniter.php(933): App\Controllers\UserCurd->index()
 7 SYSTEMPATH\CodeIgniter.php(507): CodeIgniter\CodeIgniter->runController(Object(App\Controllers\UserCurd))
 8 SYSTEMPATH\CodeIgniter.php(354): CodeIgniter\CodeIgniter->handleRequest(null, Object(Config\Cache), false)
 9 SYSTEMPATH\Boot.php(334): CodeIgniter\CodeIgniter->run()
10 SYSTEMPATH\Boot.php(67): CodeIgniter\Boot::runCodeIgniter(Object(CodeIgniter\CodeIgniter))
11 FCPATH\index.php(56): CodeIgniter\Boot::bootWeb(Object(Config\Paths))
12 SYSTEMPATH\rewrite.php(44): require_once('C:\\xampp\\htdocs\\WordGame\\public\\index.php')
CRITICAL - 2025-02-26 12:35:23 --> ErrorException: Undefined variable $users
[Method: GET, Route: users-list]
in APPPATH\Views\user_view.php on line 30.
 1 APPPATH\Views\user_view.php(30): CodeIgniter\Debug\Exceptions->errorHandler(2, 'Undefined variable $users', 'C:\\xampp\\htdocs\\WordGame\\app\\Views\\user_view.php', 30)
 2 SYSTEMPATH\View\View.php(224): include('C:\\xampp\\htdocs\\WordGame\\app\\Views\\user_view.php')
 3 SYSTEMPATH\View\View.php(227): CodeIgniter\View\View->CodeIgniter\View\{closure}()
 4 SYSTEMPATH\Common.php(1173): CodeIgniter\View\View->render('user_view', [], true)
 5 APPPATH\Controllers\UserCurd.php(9): view('user_view')
 6 SYSTEMPATH\CodeIgniter.php(933): App\Controllers\UserCurd->index()
 7 SYSTEMPATH\CodeIgniter.php(507): CodeIgniter\CodeIgniter->runController(Object(App\Controllers\UserCurd))
 8 SYSTEMPATH\CodeIgniter.php(354): CodeIgniter\CodeIgniter->handleRequest(null, Object(Config\Cache), false)
 9 SYSTEMPATH\Boot.php(334): CodeIgniter\CodeIgniter->run()
10 SYSTEMPATH\Boot.php(67): CodeIgniter\Boot::runCodeIgniter(Object(CodeIgniter\CodeIgniter))
11 FCPATH\index.php(56): CodeIgniter\Boot::bootWeb(Object(Config\Paths))
12 SYSTEMPATH\rewrite.php(44): require_once('C:\\xampp\\htdocs\\WordGame\\public\\index.php')
CRITICAL - 2025-02-26 12:37:57 --> Error: Class "APP\Models\Model" not found
[Method: GET, Route: users-list]
in APPPATH\Models\userModel.php on line 5.
 1 SYSTEMPATH\Autoloader\Autoloader.php(316): include_once()
 2 SYSTEMPATH\Autoloader\Autoloader.php(295): CodeIgniter\Autoloader\Autoloader->includeFile('C:\\xampp\\htdocs\\WordGame\\app\\Models\\UserModel.php')
 3 SYSTEMPATH\Autoloader\Autoloader.php(271): CodeIgniter\Autoloader\Autoloader->loadInNamespace('App\\Models\\UserModel')
 4 APPPATH\Controllers\UserCurd.php(10): CodeIgniter\Autoloader\Autoloader->loadClass('App\\Models\\UserModel')
 5 SYSTEMPATH\CodeIgniter.php(933): App\Controllers\UserCurd->index()
 6 SYSTEMPATH\CodeIgniter.php(507): CodeIgniter\CodeIgniter->runController(Object(App\Controllers\UserCurd))
 7 SYSTEMPATH\CodeIgniter.php(354): CodeIgniter\CodeIgniter->handleRequest(null, Object(Config\Cache), false)
 8 SYSTEMPATH\Boot.php(334): CodeIgniter\CodeIgniter->run()
 9 SYSTEMPATH\Boot.php(67): CodeIgniter\Boot::runCodeIgniter(Object(CodeIgniter\CodeIgniter))
10 FCPATH\index.php(56): CodeIgniter\Boot::bootWeb(Object(Config\Paths))
11 SYSTEMPATH\rewrite.php(44): require_once('C:\\xampp\\htdocs\\WordGame\\public\\index.php')
CRITICAL - 2025-02-26 12:38:26 --> Error: Class "APP\Models\Model" not found
[Method: GET, Route: users-list]
in APPPATH\Models\UserModel.php on line 5.
 1 SYSTEMPATH\Autoloader\Autoloader.php(316): include_once()
 2 SYSTEMPATH\Autoloader\Autoloader.php(295): CodeIgniter\Autoloader\Autoloader->includeFile('C:\\xampp\\htdocs\\WordGame\\app\\Models\\UserModel.php')
 3 SYSTEMPATH\Autoloader\Autoloader.php(271): CodeIgniter\Autoloader\Autoloader->loadInNamespace('App\\Models\\UserModel')
 4 APPPATH\Controllers\UserCurd.php(10): CodeIgniter\Autoloader\Autoloader->loadClass('App\\Models\\UserModel')
 5 SYSTEMPATH\CodeIgniter.php(933): App\Controllers\UserCurd->index()
 6 SYSTEMPATH\CodeIgniter.php(507): CodeIgniter\CodeIgniter->runController(Object(App\Controllers\UserCurd))
 7 SYSTEMPATH\CodeIgniter.php(354): CodeIgniter\CodeIgniter->handleRequest(null, Object(Config\Cache), false)
 8 SYSTEMPATH\Boot.php(334): CodeIgniter\CodeIgniter->run()
 9 SYSTEMPATH\Boot.php(67): CodeIgniter\Boot::runCodeIgniter(Object(CodeIgniter\CodeIgniter))
10 FCPATH\index.php(56): CodeIgniter\Boot::bootWeb(Object(Config\Paths))
11 SYSTEMPATH\rewrite.php(44): require_once('C:\\xampp\\htdocs\\WordGame\\public\\index.php')
ERROR - 2025-02-26 12:39:02 --> Error connecting to the database: mysqli_sql_exception: No connection could be made because the target machine actively refused it in C:\xampp\htdocs\WordGame\system\Database\MySQLi\Connection.php:201
Stack trace:
#0 C:\xampp\htdocs\WordGame\system\Database\MySQLi\Connection.php(201): mysqli->real_connect('localhost', 'root', Object(SensitiveParameterValue), 'jdbcdemo', 3306, '', 0)
#1 C:\xampp\htdocs\WordGame\system\Database\BaseConnection.php(421): CodeIgniter\Database\MySQLi\Connection->connect(false)
#2 C:\xampp\htdocs\WordGame\system\Database\BaseConnection.php(620): CodeIgniter\Database\BaseConnection->initialize()
#3 C:\xampp\htdocs\WordGame\system\Database\BaseBuilder.php(1649): CodeIgniter\Database\BaseConnection->query('SELECT *\nFROM `...', Array, false)
#4 C:\xampp\htdocs\WordGame\system\Model.php(286): CodeIgniter\Database\BaseBuilder->get()
#5 C:\xampp\htdocs\WordGame\system\BaseModel.php(675): CodeIgniter\Model->doFindAll(0, 0)
#6 C:\xampp\htdocs\WordGame\app\Controllers\UserCurd.php(11): CodeIgniter\BaseModel->findAll()
#7 C:\xampp\htdocs\WordGame\system\CodeIgniter.php(933): App\Controllers\UserCurd->index()
#8 C:\xampp\htdocs\WordGame\system\CodeIgniter.php(507): CodeIgniter\CodeIgniter->runController(Object(App\Controllers\UserCurd))
#9 C:\xampp\htdocs\WordGame\system\CodeIgniter.php(354): CodeIgniter\CodeIgniter->handleRequest(NULL, Object(Config\Cache), false)
#10 C:\xampp\htdocs\WordGame\system\Boot.php(334): CodeIgniter\CodeIgniter->run()
#11 C:\xampp\htdocs\WordGame\system\Boot.php(67): CodeIgniter\Boot::runCodeIgniter(Object(CodeIgniter\CodeIgniter))
#12 C:\xampp\htdocs\WordGame\public\index.php(56): CodeIgniter\Boot::bootWeb(Object(Config\Paths))
#13 C:\xampp\htdocs\WordGame\system\rewrite.php(44): require_once('C:\\xampp\\htdocs...')
#14 {main}

Next CodeIgniter\Database\Exceptions\DatabaseException: No connection could be made because the target machine actively refused it in C:\xampp\htdocs\WordGame\system\Database\MySQLi\Connection.php:246
Stack trace:
#0 C:\xampp\htdocs\WordGame\system\Database\BaseConnection.php(421): CodeIgniter\Database\MySQLi\Connection->connect(false)
#1 C:\xampp\htdocs\WordGame\system\Database\BaseConnection.php(620): CodeIgniter\Database\BaseConnection->initialize()
#2 C:\xampp\htdocs\WordGame\system\Database\BaseBuilder.php(1649): CodeIgniter\Database\BaseConnection->query('SELECT *\nFROM `...', Array, false)
#3 C:\xampp\htdocs\WordGame\system\Model.php(286): CodeIgniter\Database\BaseBuilder->get()
#4 C:\xampp\htdocs\WordGame\system\BaseModel.php(675): CodeIgniter\Model->doFindAll(0, 0)
#5 C:\xampp\htdocs\WordGame\app\Controllers\UserCurd.php(11): CodeIgniter\BaseModel->findAll()
#6 C:\xampp\htdocs\WordGame\system\CodeIgniter.php(933): App\Controllers\UserCurd->index()
#7 C:\xampp\htdocs\WordGame\system\CodeIgniter.php(507): CodeIgniter\CodeIgniter->runController(Object(App\Controllers\UserCurd))
#8 C:\xampp\htdocs\WordGame\system\CodeIgniter.php(354): CodeIgniter\CodeIgniter->handleRequest(NULL, Object(Config\Cache), false)
#9 C:\xampp\htdocs\WordGame\system\Boot.php(334): CodeIgniter\CodeIgniter->run()
#10 C:\xampp\htdocs\WordGame\system\Boot.php(67): CodeIgniter\Boot::runCodeIgniter(Object(CodeIgniter\CodeIgniter))
#11 C:\xampp\htdocs\WordGame\public\index.php(56): CodeIgniter\Boot::bootWeb(Object(Config\Paths))
#12 C:\xampp\htdocs\WordGame\system\rewrite.php(44): require_once('C:\\xampp\\htdocs...')
#13 {main}
CRITICAL - 2025-02-26 12:39:02 --> CodeIgniter\Database\Exceptions\DatabaseException: Unable to connect to the database.
Main connection [MySQLi]: No connection could be made because the target machine actively refused it
[Method: GET, Route: users-list]
in SYSTEMPATH\Database\BaseConnection.php on line 467.
 1 SYSTEMPATH\Database\BaseConnection.php(620): CodeIgniter\Database\BaseConnection->initialize()
 2 SYSTEMPATH\Database\BaseBuilder.php(1649): CodeIgniter\Database\BaseConnection->query('SELECT *
FROM `users`
ORDER BY `id` DESC', [], false)
 3 SYSTEMPATH\Model.php(286): CodeIgniter\Database\BaseBuilder->get()
 4 SYSTEMPATH\BaseModel.php(675): CodeIgniter\Model->doFindAll(0, 0)
 5 APPPATH\Controllers\UserCurd.php(11): CodeIgniter\BaseModel->findAll()
 6 SYSTEMPATH\CodeIgniter.php(933): App\Controllers\UserCurd->index()
 7 SYSTEMPATH\CodeIgniter.php(507): CodeIgniter\CodeIgniter->runController(Object(App\Controllers\UserCurd))
 8 SYSTEMPATH\CodeIgniter.php(354): CodeIgniter\CodeIgniter->handleRequest(null, Object(Config\Cache), false)
 9 SYSTEMPATH\Boot.php(334): CodeIgniter\CodeIgniter->run()
10 SYSTEMPATH\Boot.php(67): CodeIgniter\Boot::runCodeIgniter(Object(CodeIgniter\CodeIgniter))
11 FCPATH\index.php(56): CodeIgniter\Boot::bootWeb(Object(Config\Paths))
12 SYSTEMPATH\rewrite.php(44): require_once('C:\\xampp\\htdocs\\WordGame\\public\\index.php')
CRITICAL - 2025-02-26 13:13:51 --> CodeIgniter\View\Exceptions\ViewException: Invalid file: "edit_user.php"
[Method: GET, Route: edit-view/1]
in SYSTEMPATH\Exceptions\FrameworkException.php on line 39.
 1 SYSTEMPATH\View\View.php(212): CodeIgniter\Exceptions\FrameworkException::forInvalidFile('edit_user.php')
 2 SYSTEMPATH\Common.php(1173): CodeIgniter\View\View->render('edit_user', [], true)
 3 APPPATH\Controllers\UserCurd.php(35): view('edit_user', [...])
 4 SYSTEMPATH\CodeIgniter.php(933): App\Controllers\UserCurd->singleUser('1')
 5 SYSTEMPATH\CodeIgniter.php(507): CodeIgniter\CodeIgniter->runController(Object(App\Controllers\UserCurd))
 6 SYSTEMPATH\CodeIgniter.php(354): CodeIgniter\CodeIgniter->handleRequest(null, Object(Config\Cache), false)
 7 SYSTEMPATH\Boot.php(334): CodeIgniter\CodeIgniter->run()
 8 SYSTEMPATH\Boot.php(67): CodeIgniter\Boot::runCodeIgniter(Object(CodeIgniter\CodeIgniter))
 9 FCPATH\index.php(56): CodeIgniter\Boot::bootWeb(Object(Config\Paths))
10 SYSTEMPATH\rewrite.php(44): require_once('C:\\xampp\\htdocs\\WordGame\\public\\index.php')
CRITICAL - 2025-02-26 13:37:11 --> CodeIgniter\View\Exceptions\ViewException: Invalid file: "play_game.php"
[Method: GET, Route: start]
in SYSTEMPATH\Exceptions\FrameworkException.php on line 39.
 1 SYSTEMPATH\View\View.php(212): CodeIgniter\Exceptions\FrameworkException::forInvalidFile('play_game.php')
 2 SYSTEMPATH\Common.php(1173): CodeIgniter\View\View->render('play_game', [], true)
 3 APPPATH\Controllers\WordGame.php(21): view('play_game', [...])
 4 SYSTEMPATH\CodeIgniter.php(933): App\Controllers\WordGame->startGame()
 5 SYSTEMPATH\CodeIgniter.php(507): CodeIgniter\CodeIgniter->runController(Object(App\Controllers\WordGame))
 6 SYSTEMPATH\CodeIgniter.php(354): CodeIgniter\CodeIgniter->handleRequest(null, Object(Config\Cache), false)
 7 SYSTEMPATH\Boot.php(334): CodeIgniter\CodeIgniter->run()
 8 SYSTEMPATH\Boot.php(67): CodeIgniter\Boot::runCodeIgniter(Object(CodeIgniter\CodeIgniter))
 9 FCPATH\index.php(56): CodeIgniter\Boot::bootWeb(Object(Config\Paths))
10 SYSTEMPATH\rewrite.php(44): require_once('C:\\xampp\\htdocs\\WordGameChallange\\public\\index.php')
CRITICAL - 2025-02-26 13:38:38 --> CodeIgniter\View\Exceptions\ViewException: Invalid file: "play_game.php"
[Method: GET, Route: start]
in SYSTEMPATH\Exceptions\FrameworkException.php on line 39.
 1 SYSTEMPATH\View\View.php(212): CodeIgniter\Exceptions\FrameworkException::forInvalidFile('play_game.php')
 2 SYSTEMPATH\Common.php(1173): CodeIgniter\View\View->render('play_game', [], true)
 3 APPPATH\Controllers\WordGame.php(21): view('play_game', [...])
 4 SYSTEMPATH\CodeIgniter.php(933): App\Controllers\WordGame->startGame()
 5 SYSTEMPATH\CodeIgniter.php(507): CodeIgniter\CodeIgniter->runController(Object(App\Controllers\WordGame))
 6 SYSTEMPATH\CodeIgniter.php(354): CodeIgniter\CodeIgniter->handleRequest(null, Object(Config\Cache), false)
 7 SYSTEMPATH\Boot.php(334): CodeIgniter\CodeIgniter->run()
 8 SYSTEMPATH\Boot.php(67): CodeIgniter\Boot::runCodeIgniter(Object(CodeIgniter\CodeIgniter))
 9 FCPATH\index.php(56): CodeIgniter\Boot::bootWeb(Object(Config\Paths))
10 SYSTEMPATH\rewrite.php(44): require_once('C:\\xampp\\htdocs\\WordGameChallange\\public\\index.php')
ERROR - 2025-02-26 13:44:54 --> mysqli_sql_exception: Table 'jdbcdemo.scores' doesn't exist in C:\xampp\htdocs\WordGameChallange\system\Database\MySQLi\Connection.php:327
Stack trace:
#0 C:\xampp\htdocs\WordGameChallange\system\Database\MySQLi\Connection.php(327): mysqli->query('SELECT *\nFROM `...', 0)
#1 C:\xampp\htdocs\WordGameChallange\system\Database\BaseConnection.php(738): CodeIgniter\Database\MySQLi\Connection->execute('SELECT *\nFROM `...')
#2 C:\xampp\htdocs\WordGameChallange\system\Database\BaseConnection.php(652): CodeIgniter\Database\BaseConnection->simpleQuery('SELECT *\nFROM `...')
#3 C:\xampp\htdocs\WordGameChallange\system\Database\BaseBuilder.php(1649): CodeIgniter\Database\BaseConnection->query('SELECT *\nFROM `...', Array, false)
#4 C:\xampp\htdocs\WordGameChallange\system\Model.php(213): CodeIgniter\Database\BaseBuilder->get()
#5 C:\xampp\htdocs\WordGameChallange\system\BaseModel.php(609): CodeIgniter\Model->doFind(false, NULL)
#6 C:\xampp\htdocs\WordGameChallange\app\Models\GameModel.php(13): CodeIgniter\BaseModel->find()
#7 C:\xampp\htdocs\WordGameChallange\app\Controllers\WordGame.php(12): App\Models\GameModel->getTopScores()
#8 C:\xampp\htdocs\WordGameChallange\system\CodeIgniter.php(933): App\Controllers\WordGame->index()
#9 C:\xampp\htdocs\WordGameChallange\system\CodeIgniter.php(507): CodeIgniter\CodeIgniter->runController(Object(App\Controllers\WordGame))
#10 C:\xampp\htdocs\WordGameChallange\system\CodeIgniter.php(354): CodeIgniter\CodeIgniter->handleRequest(NULL, Object(Config\Cache), false)
#11 C:\xampp\htdocs\WordGameChallange\system\Boot.php(334): CodeIgniter\CodeIgniter->run()
#12 C:\xampp\htdocs\WordGameChallange\system\Boot.php(67): CodeIgniter\Boot::runCodeIgniter(Object(CodeIgniter\CodeIgniter))
#13 C:\xampp\htdocs\WordGameChallange\public\index.php(56): CodeIgniter\Boot::bootWeb(Object(Config\Paths))
#14 C:\xampp\htdocs\WordGameChallange\system\rewrite.php(44): require_once('C:\\xampp\\htdocs...')
#15 {main}
CRITICAL - 2025-02-26 13:44:54 --> CodeIgniter\Database\Exceptions\DatabaseException: Table 'jdbcdemo.scores' doesn't exist
[Method: GET, Route: wordgame]
in SYSTEMPATH\Database\BaseConnection.php on line 692.
 1 SYSTEMPATH\Database\BaseBuilder.php(1649): CodeIgniter\Database\BaseConnection->query('SELECT *
FROM `scores`
ORDER BY `score` DESC
 LIMIT 10', [], false)
 2 SYSTEMPATH\Model.php(213): CodeIgniter\Database\BaseBuilder->get()
 3 SYSTEMPATH\BaseModel.php(609): CodeIgniter\Model->doFind(false, null)
 4 APPPATH\Models\GameModel.php(13): CodeIgniter\BaseModel->find()
 5 APPPATH\Controllers\WordGame.php(12): App\Models\GameModel->getTopScores()
 6 SYSTEMPATH\CodeIgniter.php(933): App\Controllers\WordGame->index()
 7 SYSTEMPATH\CodeIgniter.php(507): CodeIgniter\CodeIgniter->runController(Object(App\Controllers\WordGame))
 8 SYSTEMPATH\CodeIgniter.php(354): CodeIgniter\CodeIgniter->handleRequest(null, Object(Config\Cache), false)
 9 SYSTEMPATH\Boot.php(334): CodeIgniter\CodeIgniter->run()
10 SYSTEMPATH\Boot.php(67): CodeIgniter\Boot::runCodeIgniter(Object(CodeIgniter\CodeIgniter))
11 FCPATH\index.php(56): CodeIgniter\Boot::bootWeb(Object(Config\Paths))
12 SYSTEMPATH\rewrite.php(44): require_once('C:\\xampp\\htdocs\\WordGameChallange\\public\\index.php')
CRITICAL - 2025-02-26 13:44:54 --> [Caused by] CodeIgniter\Database\Exceptions\DatabaseException: Table 'jdbcdemo.scores' doesn't exist
in SYSTEMPATH\Database\MySQLi\Connection.php on line 332.
 1 SYSTEMPATH\Database\BaseConnection.php(738): CodeIgniter\Database\MySQLi\Connection->execute('SELECT *
FROM `scores`
ORDER BY `score` DESC
 LIMIT 10')
 2 SYSTEMPATH\Database\BaseConnection.php(652): CodeIgniter\Database\BaseConnection->simpleQuery('SELECT *
FROM `scores`
ORDER BY `score` DESC
 LIMIT 10')
 3 SYSTEMPATH\Database\BaseBuilder.php(1649): CodeIgniter\Database\BaseConnection->query('SELECT *
FROM `scores`
ORDER BY `score` DESC
 LIMIT 10', [], false)
 4 SYSTEMPATH\Model.php(213): CodeIgniter\Database\BaseBuilder->get()
 5 SYSTEMPATH\BaseModel.php(609): CodeIgniter\Model->doFind(false, null)
 6 APPPATH\Models\GameModel.php(13): CodeIgniter\BaseModel->find()
 7 APPPATH\Controllers\WordGame.php(12): App\Models\GameModel->getTopScores()
 8 SYSTEMPATH\CodeIgniter.php(933): App\Controllers\WordGame->index()
 9 SYSTEMPATH\CodeIgniter.php(507): CodeIgniter\CodeIgniter->runController(Object(App\Controllers\WordGame))
10 SYSTEMPATH\CodeIgniter.php(354): CodeIgniter\CodeIgniter->handleRequest(null, Object(Config\Cache), false)
11 SYSTEMPATH\Boot.php(334): CodeIgniter\CodeIgniter->run()
12 SYSTEMPATH\Boot.php(67): CodeIgniter\Boot::runCodeIgniter(Object(CodeIgniter\CodeIgniter))
13 FCPATH\index.php(56): CodeIgniter\Boot::bootWeb(Object(Config\Paths))
14 SYSTEMPATH\rewrite.php(44): require_once('C:\\xampp\\htdocs\\WordGameChallange\\public\\index.php')
CRITICAL - 2025-02-26 13:44:54 --> [Caused by] mysqli_sql_exception: Table 'jdbcdemo.scores' doesn't exist
in SYSTEMPATH\Database\MySQLi\Connection.php on line 327.
 1 SYSTEMPATH\Database\MySQLi\Connection.php(327): mysqli->query('SELECT *
FROM `scores`
ORDER BY `score` DESC
 LIMIT 10', 0)
 2 SYSTEMPATH\Database\BaseConnection.php(738): CodeIgniter\Database\MySQLi\Connection->execute('SELECT *
FROM `scores`
ORDER BY `score` DESC
 LIMIT 10')
 3 SYSTEMPATH\Database\BaseConnection.php(652): CodeIgniter\Database\BaseConnection->simpleQuery('SELECT *
FROM `scores`
ORDER BY `score` DESC
 LIMIT 10')
 4 SYSTEMPATH\Database\BaseBuilder.php(1649): CodeIgniter\Database\BaseConnection->query('SELECT *
FROM `scores`
ORDER BY `score` DESC
 LIMIT 10', [], false)
 5 SYSTEMPATH\Model.php(213): CodeIgniter\Database\BaseBuilder->get()
 6 SYSTEMPATH\BaseModel.php(609): CodeIgniter\Model->doFind(false, null)
 7 APPPATH\Models\GameModel.php(13): CodeIgniter\BaseModel->find()
 8 APPPATH\Controllers\WordGame.php(12): App\Models\GameModel->getTopScores()
 9 SYSTEMPATH\CodeIgniter.php(933): App\Controllers\WordGame->index()
10 SYSTEMPATH\CodeIgniter.php(507): CodeIgniter\CodeIgniter->runController(Object(App\Controllers\WordGame))
11 SYSTEMPATH\CodeIgniter.php(354): CodeIgniter\CodeIgniter->handleRequest(null, Object(Config\Cache), false)
12 SYSTEMPATH\Boot.php(334): CodeIgniter\CodeIgniter->run()
13 SYSTEMPATH\Boot.php(67): CodeIgniter\Boot::runCodeIgniter(Object(CodeIgniter\CodeIgniter))
14 FCPATH\index.php(56): CodeIgniter\Boot::bootWeb(Object(Config\Paths))
15 SYSTEMPATH\rewrite.php(44): require_once('C:\\xampp\\htdocs\\WordGameChallange\\public\\index.php')
CRITICAL - 2025-02-26 13:46:43 --> Error: Class "App\Libraries\WordValidator" not found
[Method: POST, Route: wordgame/submitWord]
in APPPATH\Controllers\WordGame.php on line 34.
 1 SYSTEMPATH\CodeIgniter.php(933): App\Controllers\WordGame->submitWord()
 2 SYSTEMPATH\CodeIgniter.php(507): CodeIgniter\CodeIgniter->runController(Object(App\Controllers\WordGame))
 3 SYSTEMPATH\CodeIgniter.php(354): CodeIgniter\CodeIgniter->handleRequest(null, Object(Config\Cache), false)
 4 SYSTEMPATH\Boot.php(334): CodeIgniter\CodeIgniter->run()
 5 SYSTEMPATH\Boot.php(67): CodeIgniter\Boot::runCodeIgniter(Object(CodeIgniter\CodeIgniter))
 6 FCPATH\index.php(56): CodeIgniter\Boot::bootWeb(Object(Config\Paths))
 7 SYSTEMPATH\rewrite.php(44): require_once('C:\\xampp\\htdocs\\WordGameChallange\\public\\index.php')
CRITICAL - 2025-02-26 13:46:51 --> Error: Class "App\Libraries\WordValidator" not found
[Method: POST, Route: wordgame/submitWord]
in APPPATH\Controllers\WordGame.php on line 34.
 1 SYSTEMPATH\CodeIgniter.php(933): App\Controllers\WordGame->submitWord()
 2 SYSTEMPATH\CodeIgniter.php(507): CodeIgniter\CodeIgniter->runController(Object(App\Controllers\WordGame))
 3 SYSTEMPATH\CodeIgniter.php(354): CodeIgniter\CodeIgniter->handleRequest(null, Object(Config\Cache), false)
 4 SYSTEMPATH\Boot.php(334): CodeIgniter\CodeIgniter->run()
 5 SYSTEMPATH\Boot.php(67): CodeIgniter\Boot::runCodeIgniter(Object(CodeIgniter\CodeIgniter))
 6 FCPATH\index.php(56): CodeIgniter\Boot::bootWeb(Object(Config\Paths))
 7 SYSTEMPATH\rewrite.php(44): require_once('C:\\xampp\\htdocs\\WordGameChallange\\public\\index.php')
CRITICAL - 2025-02-26 13:50:05 --> ParseError: syntax error, unexpected end of file
[Method: CLI, Route: serve]
in APPPATH\Config\Routes.php on line 30.
 1 SYSTEMPATH\CLI\Console.php(41): CodeIgniter\Router\RouteCollection->loadRoutes()
 2 SYSTEMPATH\Boot.php(360): CodeIgniter\CLI\Console->run()
 3 SYSTEMPATH\Boot.php(104): CodeIgniter\Boot::runCommand(Object(CodeIgniter\CLI\Console))
 4 ROOTPATH\spark(84): CodeIgniter\Boot::bootSpark(Object(Config\Paths))
CRITICAL - 2025-02-26 13:58:33 --> TypeError: CodeIgniter\Session\Session::push(): Argument #2 ($data) must be of type array, string given, called in C:\xampp\htdocs\WordGameChallange\app\Controllers\WordGame.php on line 43
[Method: POST, Route: wordgame/submitWord]
in SYSTEMPATH\Session\Session.php on line 514.
 1 APPPATH\Controllers\WordGame.php(43): CodeIgniter\Session\Session->push('used_words', 'swr')
 2 SYSTEMPATH\CodeIgniter.php(933): App\Controllers\WordGame->submitWord()
 3 SYSTEMPATH\CodeIgniter.php(507): CodeIgniter\CodeIgniter->runController(Object(App\Controllers\WordGame))
 4 SYSTEMPATH\CodeIgniter.php(354): CodeIgniter\CodeIgniter->handleRequest(null, Object(Config\Cache), false)
 5 SYSTEMPATH\Boot.php(334): CodeIgniter\CodeIgniter->run()
 6 SYSTEMPATH\Boot.php(67): CodeIgniter\Boot::runCodeIgniter(Object(CodeIgniter\CodeIgniter))
 7 FCPATH\index.php(56): CodeIgniter\Boot::bootWeb(Object(Config\Paths))
 8 SYSTEMPATH\rewrite.php(44): require_once('C:\\xampp\\htdocs\\WordGameChallange\\public\\index.php')
CRITICAL - 2025-02-26 14:28:49 --> TypeError: CodeIgniter\Session\Session::push(): Argument #2 ($data) must be of type array, string given, called in C:\xampp\htdocs\WordGameChallange\app\Controllers\WordGame.php on line 41
[Method: POST, Route: wordgame/submitWord]
in SYSTEMPATH\Session\Session.php on line 514.
 1 APPPATH\Controllers\WordGame.php(41): CodeIgniter\Session\Session->push('used_words', 'to')
 2 SYSTEMPATH\CodeIgniter.php(933): App\Controllers\WordGame->submitWord()
 3 SYSTEMPATH\CodeIgniter.php(507): CodeIgniter\CodeIgniter->runController(Object(App\Controllers\WordGame))
 4 SYSTEMPATH\CodeIgniter.php(354): CodeIgniter\CodeIgniter->handleRequest(null, Object(Config\Cache), false)
 5 SYSTEMPATH\Boot.php(334): CodeIgniter\CodeIgniter->run()
 6 SYSTEMPATH\Boot.php(67): CodeIgniter\Boot::runCodeIgniter(Object(CodeIgniter\CodeIgniter))
 7 FCPATH\index.php(56): CodeIgniter\Boot::bootWeb(Object(Config\Paths))
 8 SYSTEMPATH\rewrite.php(44): require_once('C:\\xampp\\htdocs\\WordGameChallange\\public\\index.php')
CRITICAL - 2025-02-26 14:36:47 --> ErrorException: Undefined global variable $_SESSION
[Method: GET, Route: wordgame/startGame]
in APPPATH\Controllers\WordGame.php on line 17.
 1 APPPATH\Controllers\WordGame.php(17): CodeIgniter\Debug\Exceptions->errorHandler(2, 'Undefined global variable $_SESSION', 'C:\\xampp\\htdocs\\WordGameChallange\\app\\Controllers\\WordGame.php', 17)
 2 SYSTEMPATH\CodeIgniter.php(933): App\Controllers\WordGame->startGame()
 3 SYSTEMPATH\CodeIgniter.php(507): CodeIgniter\CodeIgniter->runController(Object(App\Controllers\WordGame))
 4 SYSTEMPATH\CodeIgniter.php(354): CodeIgniter\CodeIgniter->handleRequest(null, Object(Config\Cache), false)
 5 SYSTEMPATH\Boot.php(334): CodeIgniter\CodeIgniter->run()
 6 SYSTEMPATH\Boot.php(67): CodeIgniter\Boot::runCodeIgniter(Object(CodeIgniter\CodeIgniter))
 7 FCPATH\index.php(56): CodeIgniter\Boot::bootWeb(Object(Config\Paths))
 8 SYSTEMPATH\rewrite.php(44): require_once('C:\\xampp\\htdocs\\WordGameChallange\\public\\index.php')
CRITICAL - 2025-02-26 14:37:35 --> TypeError: CodeIgniter\Session\Session::push(): Argument #2 ($data) must be of type array, string given, called in C:\xampp\htdocs\WordGameChallange\app\Controllers\WordGame.php on line 44
[Method: POST, Route: wordgame/submitWord]
in SYSTEMPATH\Session\Session.php on line 514.
 1 APPPATH\Controllers\WordGame.php(44): CodeIgniter\Session\Session->push('used_words', 'FOX')
 2 SYSTEMPATH\CodeIgniter.php(933): App\Controllers\WordGame->submitWord()
 3 SYSTEMPATH\CodeIgniter.php(507): CodeIgniter\CodeIgniter->runController(Object(App\Controllers\WordGame))
 4 SYSTEMPATH\CodeIgniter.php(354): CodeIgniter\CodeIgniter->handleRequest(null, Object(Config\Cache), false)
 5 SYSTEMPATH\Boot.php(334): CodeIgniter\CodeIgniter->run()
 6 SYSTEMPATH\Boot.php(67): CodeIgniter\Boot::runCodeIgniter(Object(CodeIgniter\CodeIgniter))
 7 FCPATH\index.php(56): CodeIgniter\Boot::bootWeb(Object(Config\Paths))
 8 SYSTEMPATH\rewrite.php(44): require_once('C:\\xampp\\htdocs\\WordGameChallange\\public\\index.php')
WARNING - 2025-02-26 15:55:58 --> [DEPRECATED] Passing lowercase HTTP method "get" is deprecated. Use uppercase HTTP method like "GET". in SYSTEMPATH\Router\RouteCollection.php on line 1026.
 1 SYSTEMPATH\Router\RouteCollection.php(1026): trigger_error('Passing lowercase HTTP method "get" is deprecated. Use uppercase HTTP method like "GET".', 16384)
 2 APPPATH\Config\Routes.php(22): CodeIgniter\Router\RouteCollection->match([...], '/wordgame/startGame', 'WordGame::startGame')
 3 SYSTEMPATH\Router\RouteCollection.php(339): require('C:\\xampp\\htdocs\\WordGameChallange\\app\\Config\\Routes.php')
 4 SYSTEMPATH\Test\bootstrap.php(90): CodeIgniter\Router\RouteCollection->loadRoutes()
 5 VENDORPATH\phpunit\phpunit\src\TextUI\Application.php(358): include_once('C:\\xampp\\htdocs\\WordGameChallange\\system\\Test\\bootstrap.php')
 6 VENDORPATH\phpunit\phpunit\src\TextUI\Application.php(121): PHPUnit\TextUI\Application->loadBootstrapScript('C:\\xampp\\htdocs\\WordGameChallange\\system/Test/bootstrap.php')
 7 VENDORPATH\phpunit\phpunit\phpunit(104): PHPUnit\TextUI\Application->run([...])
 8 VENDORPATH\bin\phpunit(122): include('C:\\xampp\\htdocs\\WordGameChallange\\vendor\\phpunit\\phpunit\\phpunit')
WARNING - 2025-02-26 15:55:58 --> [DEPRECATED] Passing lowercase HTTP method "post" is deprecated. Use uppercase HTTP method like "POST". in SYSTEMPATH\Router\RouteCollection.php on line 1026.
 1 SYSTEMPATH\Router\RouteCollection.php(1026): trigger_error('Passing lowercase HTTP method "post" is deprecated. Use uppercase HTTP method like "POST".', 16384)
 2 APPPATH\Config\Routes.php(22): CodeIgniter\Router\RouteCollection->match([...], '/wordgame/startGame', 'WordGame::startGame')
 3 SYSTEMPATH\Router\RouteCollection.php(339): require('C:\\xampp\\htdocs\\WordGameChallange\\app\\Config\\Routes.php')
 4 SYSTEMPATH\Test\bootstrap.php(90): CodeIgniter\Router\RouteCollection->loadRoutes()
 5 VENDORPATH\phpunit\phpunit\src\TextUI\Application.php(358): include_once('C:\\xampp\\htdocs\\WordGameChallange\\system\\Test\\bootstrap.php')
 6 VENDORPATH\phpunit\phpunit\src\TextUI\Application.php(121): PHPUnit\TextUI\Application->loadBootstrapScript('C:\\xampp\\htdocs\\WordGameChallange\\system/Test/bootstrap.php')
 7 VENDORPATH\phpunit\phpunit\phpunit(104): PHPUnit\TextUI\Application->run([...])
 8 VENDORPATH\bin\phpunit(122): include('C:\\xampp\\htdocs\\WordGameChallange\\vendor\\phpunit\\phpunit\\phpunit')
CRITICAL - 2025-02-26 15:55:58 --> ErrorException: Access level to Tests\App\Controllers\WordGameTest::$session must be protected (as in class CodeIgniter\Test\CIUnitTestCase) or weaker
[Method: GET, Route: /]
in ROOTPATH\tests\app\Controllers\WordGameTest.php on line 9.
 1 [internal function]: CodeIgniter\Debug\Exceptions->shutdownHandler()
WARNING - 2025-02-26 15:57:28 --> [DEPRECATED] Passing lowercase HTTP method "get" is deprecated. Use uppercase HTTP method like "GET". in SYSTEMPATH\Router\RouteCollection.php on line 1026.
 1 SYSTEMPATH\Router\RouteCollection.php(1026): trigger_error('Passing lowercase HTTP method "get" is deprecated. Use uppercase HTTP method like "GET".', 16384)
 2 APPPATH\Config\Routes.php(22): CodeIgniter\Router\RouteCollection->match([...], '/wordgame/startGame', 'WordGame::startGame')
 3 SYSTEMPATH\Router\RouteCollection.php(339): require('C:\\xampp\\htdocs\\WordGameChallange\\app\\Config\\Routes.php')
 4 SYSTEMPATH\Test\bootstrap.php(90): CodeIgniter\Router\RouteCollection->loadRoutes()
 5 VENDORPATH\phpunit\phpunit\src\TextUI\Application.php(358): include_once('C:\\xampp\\htdocs\\WordGameChallange\\system\\Test\\bootstrap.php')
 6 VENDORPATH\phpunit\phpunit\src\TextUI\Application.php(121): PHPUnit\TextUI\Application->loadBootstrapScript('C:\\xampp\\htdocs\\WordGameChallange\\system/Test/bootstrap.php')
 7 VENDORPATH\phpunit\phpunit\phpunit(104): PHPUnit\TextUI\Application->run([...])
 8 VENDORPATH\bin\phpunit(122): include('C:\\xampp\\htdocs\\WordGameChallange\\vendor\\phpunit\\phpunit\\phpunit')
WARNING - 2025-02-26 15:57:28 --> [DEPRECATED] Passing lowercase HTTP method "post" is deprecated. Use uppercase HTTP method like "POST". in SYSTEMPATH\Router\RouteCollection.php on line 1026.
 1 SYSTEMPATH\Router\RouteCollection.php(1026): trigger_error('Passing lowercase HTTP method "post" is deprecated. Use uppercase HTTP method like "POST".', 16384)
 2 APPPATH\Config\Routes.php(22): CodeIgniter\Router\RouteCollection->match([...], '/wordgame/startGame', 'WordGame::startGame')
 3 SYSTEMPATH\Router\RouteCollection.php(339): require('C:\\xampp\\htdocs\\WordGameChallange\\app\\Config\\Routes.php')
 4 SYSTEMPATH\Test\bootstrap.php(90): CodeIgniter\Router\RouteCollection->loadRoutes()
 5 VENDORPATH\phpunit\phpunit\src\TextUI\Application.php(358): include_once('C:\\xampp\\htdocs\\WordGameChallange\\system\\Test\\bootstrap.php')
 6 VENDORPATH\phpunit\phpunit\src\TextUI\Application.php(121): PHPUnit\TextUI\Application->loadBootstrapScript('C:\\xampp\\htdocs\\WordGameChallange\\system/Test/bootstrap.php')
 7 VENDORPATH\phpunit\phpunit\phpunit(104): PHPUnit\TextUI\Application->run([...])
 8 VENDORPATH\bin\phpunit(122): include('C:\\xampp\\htdocs\\WordGameChallange\\vendor\\phpunit\\phpunit\\phpunit')
WARNING - 2025-02-26 15:59:37 --> [DEPRECATED] Passing lowercase HTTP method "get" is deprecated. Use uppercase HTTP method like "GET". in SYSTEMPATH\Router\RouteCollection.php on line 1026.
 1 SYSTEMPATH\Router\RouteCollection.php(1026): trigger_error('Passing lowercase HTTP method "get" is deprecated. Use uppercase HTTP method like "GET".', 16384)
 2 APPPATH\Config\Routes.php(22): CodeIgniter\Router\RouteCollection->match([...], '/wordgame/startGame', 'WordGame::startGame')
 3 SYSTEMPATH\Router\RouteCollection.php(339): require('C:\\xampp\\htdocs\\WordGameChallange\\app\\Config\\Routes.php')
 4 SYSTEMPATH\Test\bootstrap.php(90): CodeIgniter\Router\RouteCollection->loadRoutes()
 5 VENDORPATH\phpunit\phpunit\src\TextUI\Application.php(358): include_once('C:\\xampp\\htdocs\\WordGameChallange\\system\\Test\\bootstrap.php')
 6 VENDORPATH\phpunit\phpunit\src\TextUI\Application.php(121): PHPUnit\TextUI\Application->loadBootstrapScript('C:\\xampp\\htdocs\\WordGameChallange\\system/Test/bootstrap.php')
 7 VENDORPATH\phpunit\phpunit\phpunit(104): PHPUnit\TextUI\Application->run([...])
 8 VENDORPATH\bin\phpunit(122): include('C:\\xampp\\htdocs\\WordGameChallange\\vendor\\phpunit\\phpunit\\phpunit')
WARNING - 2025-02-26 15:59:37 --> [DEPRECATED] Passing lowercase HTTP method "post" is deprecated. Use uppercase HTTP method like "POST". in SYSTEMPATH\Router\RouteCollection.php on line 1026.
 1 SYSTEMPATH\Router\RouteCollection.php(1026): trigger_error('Passing lowercase HTTP method "post" is deprecated. Use uppercase HTTP method like "POST".', 16384)
 2 APPPATH\Config\Routes.php(22): CodeIgniter\Router\RouteCollection->match([...], '/wordgame/startGame', 'WordGame::startGame')
 3 SYSTEMPATH\Router\RouteCollection.php(339): require('C:\\xampp\\htdocs\\WordGameChallange\\app\\Config\\Routes.php')
 4 SYSTEMPATH\Test\bootstrap.php(90): CodeIgniter\Router\RouteCollection->loadRoutes()
 5 VENDORPATH\phpunit\phpunit\src\TextUI\Application.php(358): include_once('C:\\xampp\\htdocs\\WordGameChallange\\system\\Test\\bootstrap.php')
 6 VENDORPATH\phpunit\phpunit\src\TextUI\Application.php(121): PHPUnit\TextUI\Application->loadBootstrapScript('C:\\xampp\\htdocs\\WordGameChallange\\system/Test/bootstrap.php')
 7 VENDORPATH\phpunit\phpunit\phpunit(104): PHPUnit\TextUI\Application->run([...])
 8 VENDORPATH\bin\phpunit(122): include('C:\\xampp\\htdocs\\WordGameChallange\\vendor\\phpunit\\phpunit\\phpunit')
WARNING - 2025-02-26 16:00:55 --> [DEPRECATED] Passing lowercase HTTP method "get" is deprecated. Use uppercase HTTP method like "GET". in SYSTEMPATH\Router\RouteCollection.php on line 1026.
 1 SYSTEMPATH\Router\RouteCollection.php(1026): trigger_error('Passing lowercase HTTP method "get" is deprecated. Use uppercase HTTP method like "GET".', 16384)
 2 APPPATH\Config\Routes.php(22): CodeIgniter\Router\RouteCollection->match([...], '/wordgame/startGame', 'WordGame::startGame')
 3 SYSTEMPATH\Router\RouteCollection.php(339): require('C:\\xampp\\htdocs\\WordGameChallange\\app\\Config\\Routes.php')
 4 SYSTEMPATH\Test\bootstrap.php(90): CodeIgniter\Router\RouteCollection->loadRoutes()
 5 VENDORPATH\phpunit\phpunit\src\TextUI\Application.php(358): include_once('C:\\xampp\\htdocs\\WordGameChallange\\system\\Test\\bootstrap.php')
 6 VENDORPATH\phpunit\phpunit\src\TextUI\Application.php(121): PHPUnit\TextUI\Application->loadBootstrapScript('C:\\xampp\\htdocs\\WordGameChallange\\system/Test/bootstrap.php')
 7 VENDORPATH\phpunit\phpunit\phpunit(104): PHPUnit\TextUI\Application->run([...])
 8 VENDORPATH\bin\phpunit(122): include('C:\\xampp\\htdocs\\WordGameChallange\\vendor\\phpunit\\phpunit\\phpunit')
WARNING - 2025-02-26 16:00:55 --> [DEPRECATED] Passing lowercase HTTP method "post" is deprecated. Use uppercase HTTP method like "POST". in SYSTEMPATH\Router\RouteCollection.php on line 1026.
 1 SYSTEMPATH\Router\RouteCollection.php(1026): trigger_error('Passing lowercase HTTP method "post" is deprecated. Use uppercase HTTP method like "POST".', 16384)
 2 APPPATH\Config\Routes.php(22): CodeIgniter\Router\RouteCollection->match([...], '/wordgame/startGame', 'WordGame::startGame')
 3 SYSTEMPATH\Router\RouteCollection.php(339): require('C:\\xampp\\htdocs\\WordGameChallange\\app\\Config\\Routes.php')
 4 SYSTEMPATH\Test\bootstrap.php(90): CodeIgniter\Router\RouteCollection->loadRoutes()
 5 VENDORPATH\phpunit\phpunit\src\TextUI\Application.php(358): include_once('C:\\xampp\\htdocs\\WordGameChallange\\system\\Test\\bootstrap.php')
 6 VENDORPATH\phpunit\phpunit\src\TextUI\Application.php(121): PHPUnit\TextUI\Application->loadBootstrapScript('C:\\xampp\\htdocs\\WordGameChallange\\system/Test/bootstrap.php')
 7 VENDORPATH\phpunit\phpunit\phpunit(104): PHPUnit\TextUI\Application->run([...])
 8 VENDORPATH\bin\phpunit(122): include('C:\\xampp\\htdocs\\WordGameChallange\\vendor\\phpunit\\phpunit\\phpunit')
WARNING - 2025-02-26 16:03:10 --> [DEPRECATED] Passing lowercase HTTP method "get" is deprecated. Use uppercase HTTP method like "GET". in SYSTEMPATH\Router\RouteCollection.php on line 1026.
 1 SYSTEMPATH\Router\RouteCollection.php(1026): trigger_error('Passing lowercase HTTP method "get" is deprecated. Use uppercase HTTP method like "GET".', 16384)
 2 APPPATH\Config\Routes.php(22): CodeIgniter\Router\RouteCollection->match([...], '/wordgame/startGame', 'WordGame::startGame')
 3 SYSTEMPATH\Router\RouteCollection.php(339): require('C:\\xampp\\htdocs\\WordGameChallange\\app\\Config\\Routes.php')
 4 SYSTEMPATH\Test\bootstrap.php(90): CodeIgniter\Router\RouteCollection->loadRoutes()
 5 VENDORPATH\phpunit\phpunit\src\TextUI\Application.php(358): include_once('C:\\xampp\\htdocs\\WordGameChallange\\system\\Test\\bootstrap.php')
 6 VENDORPATH\phpunit\phpunit\src\TextUI\Application.php(121): PHPUnit\TextUI\Application->loadBootstrapScript('C:\\xampp\\htdocs\\WordGameChallange\\system/Test/bootstrap.php')
 7 VENDORPATH\phpunit\phpunit\phpunit(104): PHPUnit\TextUI\Application->run([...])
 8 VENDORPATH\bin\phpunit(122): include('C:\\xampp\\htdocs\\WordGameChallange\\vendor\\phpunit\\phpunit\\phpunit')
WARNING - 2025-02-26 16:03:10 --> [DEPRECATED] Passing lowercase HTTP method "post" is deprecated. Use uppercase HTTP method like "POST". in SYSTEMPATH\Router\RouteCollection.php on line 1026.
 1 SYSTEMPATH\Router\RouteCollection.php(1026): trigger_error('Passing lowercase HTTP method "post" is deprecated. Use uppercase HTTP method like "POST".', 16384)
 2 APPPATH\Config\Routes.php(22): CodeIgniter\Router\RouteCollection->match([...], '/wordgame/startGame', 'WordGame::startGame')
 3 SYSTEMPATH\Router\RouteCollection.php(339): require('C:\\xampp\\htdocs\\WordGameChallange\\app\\Config\\Routes.php')
 4 SYSTEMPATH\Test\bootstrap.php(90): CodeIgniter\Router\RouteCollection->loadRoutes()
 5 VENDORPATH\phpunit\phpunit\src\TextUI\Application.php(358): include_once('C:\\xampp\\htdocs\\WordGameChallange\\system\\Test\\bootstrap.php')
 6 VENDORPATH\phpunit\phpunit\src\TextUI\Application.php(121): PHPUnit\TextUI\Application->loadBootstrapScript('C:\\xampp\\htdocs\\WordGameChallange\\system/Test/bootstrap.php')
 7 VENDORPATH\phpunit\phpunit\phpunit(104): PHPUnit\TextUI\Application->run([...])
 8 VENDORPATH\bin\phpunit(122): include('C:\\xampp\\htdocs\\WordGameChallange\\vendor\\phpunit\\phpunit\\phpunit')
WARNING - 2025-02-26 15:03:10 --> [DEPRECATED] strtoupper(): Passing null to parameter #1 ($string) of type string is deprecated in APPPATH\Controllers\WordGame.php on line 26.
 1 APPPATH\Controllers\WordGame.php(26): strtoupper(null)
 2 SYSTEMPATH\Test\ControllerTestTrait.php(166): App\Controllers\WordGame->submitWord()
 3 ROOTPATH\tests\app\Controllers\WordGameTest.php(32): Tests\App\Controllers\WordGameTest->execute('submitWord')
 4 VENDORPATH\phpunit\phpunit\src\Framework\TestCase.php(1240): Tests\App\Controllers\WordGameTest->testSubmitValidWord()
 5 VENDORPATH\phpunit\phpunit\src\Framework\TestCase.php(514): PHPUnit\Framework\TestCase->runTest()
 6 VENDORPATH\phpunit\phpunit\src\Framework\TestRunner\TestRunner.php(87): PHPUnit\Framework\TestCase->runBare()
 7 VENDORPATH\phpunit\phpunit\src\Framework\TestCase.php(361): PHPUnit\Framework\TestRunner->run(Object(Tests\App\Controllers\WordGameTest))
 8 VENDORPATH\phpunit\phpunit\src\Framework\TestSuite.php(369): PHPUnit\Framework\TestCase->run()
 9 VENDORPATH\phpunit\phpunit\src\TextUI\TestRunner.php(64): PHPUnit\Framework\TestSuite->run()
10 VENDORPATH\phpunit\phpunit\src\TextUI\Application.php(210): PHPUnit\TextUI\TestRunner->run(Object(PHPUnit\TextUI\Configuration\Configuration), Object(PHPUnit\Runner\ResultCache\DefaultResultCache), Object(PHPUnit\Framework\TestSuite))
11 VENDORPATH\phpunit\phpunit\phpunit(104): PHPUnit\TextUI\Application->run([...])
12 VENDORPATH\bin\phpunit(122): include('C:\\xampp\\htdocs\\WordGameChallange\\vendor\\phpunit\\phpunit\\phpunit')
WARNING - 2025-02-26 15:03:10 --> [DEPRECATED] strtoupper(): Passing null to parameter #1 ($string) of type string is deprecated in APPPATH\Controllers\WordGame.php on line 26.
 1 APPPATH\Controllers\WordGame.php(26): strtoupper(null)
 2 SYSTEMPATH\Test\ControllerTestTrait.php(166): App\Controllers\WordGame->submitWord()
 3 ROOTPATH\tests\app\Controllers\WordGameTest.php(46): Tests\App\Controllers\WordGameTest->execute('submitWord')
 4 VENDORPATH\phpunit\phpunit\src\Framework\TestCase.php(1240): Tests\App\Controllers\WordGameTest->testSubmitInvalidWord()
 5 VENDORPATH\phpunit\phpunit\src\Framework\TestCase.php(514): PHPUnit\Framework\TestCase->runTest()
 6 VENDORPATH\phpunit\phpunit\src\Framework\TestRunner\TestRunner.php(87): PHPUnit\Framework\TestCase->runBare()
 7 VENDORPATH\phpunit\phpunit\src\Framework\TestCase.php(361): PHPUnit\Framework\TestRunner->run(Object(Tests\App\Controllers\WordGameTest))
 8 VENDORPATH\phpunit\phpunit\src\Framework\TestSuite.php(369): PHPUnit\Framework\TestCase->run()
 9 VENDORPATH\phpunit\phpunit\src\TextUI\TestRunner.php(64): PHPUnit\Framework\TestSuite->run()
10 VENDORPATH\phpunit\phpunit\src\TextUI\Application.php(210): PHPUnit\TextUI\TestRunner->run(Object(PHPUnit\TextUI\Configuration\Configuration), Object(PHPUnit\Runner\ResultCache\DefaultResultCache), Object(PHPUnit\Framework\TestSuite))
11 VENDORPATH\phpunit\phpunit\phpunit(104): PHPUnit\TextUI\Application->run([...])
12 VENDORPATH\bin\phpunit(122): include('C:\\xampp\\htdocs\\WordGameChallange\\vendor\\phpunit\\phpunit\\phpunit')
WARNING - 2025-02-26 16:04:40 --> [DEPRECATED] Passing lowercase HTTP method "get" is deprecated. Use uppercase HTTP method like "GET". in SYSTEMPATH\Router\RouteCollection.php on line 1026.
 1 SYSTEMPATH\Router\RouteCollection.php(1026): trigger_error('Passing lowercase HTTP method "get" is deprecated. Use uppercase HTTP method like "GET".', 16384)
 2 APPPATH\Config\Routes.php(22): CodeIgniter\Router\RouteCollection->match([...], '/wordgame/startGame', 'WordGame::startGame')
 3 SYSTEMPATH\Router\RouteCollection.php(339): require('C:\\xampp\\htdocs\\WordGameChallange\\app\\Config\\Routes.php')
 4 SYSTEMPATH\Test\bootstrap.php(90): CodeIgniter\Router\RouteCollection->loadRoutes()
 5 VENDORPATH\phpunit\phpunit\src\TextUI\Application.php(358): include_once('C:\\xampp\\htdocs\\WordGameChallange\\system\\Test\\bootstrap.php')
 6 VENDORPATH\phpunit\phpunit\src\TextUI\Application.php(121): PHPUnit\TextUI\Application->loadBootstrapScript('C:\\xampp\\htdocs\\WordGameChallange\\system/Test/bootstrap.php')
 7 VENDORPATH\phpunit\phpunit\phpunit(104): PHPUnit\TextUI\Application->run([...])
 8 VENDORPATH\bin\phpunit(122): include('C:\\xampp\\htdocs\\WordGameChallange\\vendor\\phpunit\\phpunit\\phpunit')
WARNING - 2025-02-26 16:04:40 --> [DEPRECATED] Passing lowercase HTTP method "post" is deprecated. Use uppercase HTTP method like "POST". in SYSTEMPATH\Router\RouteCollection.php on line 1026.
 1 SYSTEMPATH\Router\RouteCollection.php(1026): trigger_error('Passing lowercase HTTP method "post" is deprecated. Use uppercase HTTP method like "POST".', 16384)
 2 APPPATH\Config\Routes.php(22): CodeIgniter\Router\RouteCollection->match([...], '/wordgame/startGame', 'WordGame::startGame')
 3 SYSTEMPATH\Router\RouteCollection.php(339): require('C:\\xampp\\htdocs\\WordGameChallange\\app\\Config\\Routes.php')
 4 SYSTEMPATH\Test\bootstrap.php(90): CodeIgniter\Router\RouteCollection->loadRoutes()
 5 VENDORPATH\phpunit\phpunit\src\TextUI\Application.php(358): include_once('C:\\xampp\\htdocs\\WordGameChallange\\system\\Test\\bootstrap.php')
 6 VENDORPATH\phpunit\phpunit\src\TextUI\Application.php(121): PHPUnit\TextUI\Application->loadBootstrapScript('C:\\xampp\\htdocs\\WordGameChallange\\system/Test/bootstrap.php')
 7 VENDORPATH\phpunit\phpunit\phpunit(104): PHPUnit\TextUI\Application->run([...])
 8 VENDORPATH\bin\phpunit(122): include('C:\\xampp\\htdocs\\WordGameChallange\\vendor\\phpunit\\phpunit\\phpunit')
WARNING - 2025-02-26 16:04:52 --> [DEPRECATED] Passing lowercase HTTP method "get" is deprecated. Use uppercase HTTP method like "GET". in SYSTEMPATH\Router\RouteCollection.php on line 1026.
 1 SYSTEMPATH\Router\RouteCollection.php(1026): trigger_error('Passing lowercase HTTP method "get" is deprecated. Use uppercase HTTP method like "GET".', 16384)
 2 APPPATH\Config\Routes.php(22): CodeIgniter\Router\RouteCollection->match([...], '/wordgame/startGame', 'WordGame::startGame')
 3 SYSTEMPATH\Router\RouteCollection.php(339): require('C:\\xampp\\htdocs\\WordGameChallange\\app\\Config\\Routes.php')
 4 SYSTEMPATH\Test\bootstrap.php(90): CodeIgniter\Router\RouteCollection->loadRoutes()
 5 VENDORPATH\phpunit\phpunit\src\TextUI\Application.php(358): include_once('C:\\xampp\\htdocs\\WordGameChallange\\system\\Test\\bootstrap.php')
 6 VENDORPATH\phpunit\phpunit\src\TextUI\Application.php(121): PHPUnit\TextUI\Application->loadBootstrapScript('C:\\xampp\\htdocs\\WordGameChallange\\system/Test/bootstrap.php')
 7 VENDORPATH\phpunit\phpunit\phpunit(104): PHPUnit\TextUI\Application->run([...])
 8 VENDORPATH\bin\phpunit(122): include('C:\\xampp\\htdocs\\WordGameChallange\\vendor\\phpunit\\phpunit\\phpunit')
WARNING - 2025-02-26 16:04:52 --> [DEPRECATED] Passing lowercase HTTP method "post" is deprecated. Use uppercase HTTP method like "POST". in SYSTEMPATH\Router\RouteCollection.php on line 1026.
 1 SYSTEMPATH\Router\RouteCollection.php(1026): trigger_error('Passing lowercase HTTP method "post" is deprecated. Use uppercase HTTP method like "POST".', 16384)
 2 APPPATH\Config\Routes.php(22): CodeIgniter\Router\RouteCollection->match([...], '/wordgame/startGame', 'WordGame::startGame')
 3 SYSTEMPATH\Router\RouteCollection.php(339): require('C:\\xampp\\htdocs\\WordGameChallange\\app\\Config\\Routes.php')
 4 SYSTEMPATH\Test\bootstrap.php(90): CodeIgniter\Router\RouteCollection->loadRoutes()
 5 VENDORPATH\phpunit\phpunit\src\TextUI\Application.php(358): include_once('C:\\xampp\\htdocs\\WordGameChallange\\system\\Test\\bootstrap.php')
 6 VENDORPATH\phpunit\phpunit\src\TextUI\Application.php(121): PHPUnit\TextUI\Application->loadBootstrapScript('C:\\xampp\\htdocs\\WordGameChallange\\system/Test/bootstrap.php')
 7 VENDORPATH\phpunit\phpunit\phpunit(104): PHPUnit\TextUI\Application->run([...])
 8 VENDORPATH\bin\phpunit(122): include('C:\\xampp\\htdocs\\WordGameChallange\\vendor\\phpunit\\phpunit\\phpunit')
